CREATE EXTENSION pgext;
SELECT * FROM convert_exact(10, 'meter', 'yard');
 convert_exact 
---------------
       10.9361
(1 row)

SELECT * FROM convert_exact(0, 'mile', 'inch');
 convert_exact 
---------------
             0
(1 row)

SELECT * FROM convert_all(10, 'meter');
        convert_all         
----------------------------
 (10000.000000, millimeter)
 (1000.000000, centimeter)
 (10.000000, meter)
 (0.010000, kilometer)
 (393.700000, inch)
 (32.808400, foot)
 (10.936100, yard)
 (0.006214, mile)
(8 rows)

SELECT * FROM convert_all(0, 'kilometer');
      convert_all       
------------------------
 (0.000000, millimeter)
 (0.000000, centimeter)
 (0.000000, meter)
 (0.000000, kilometer)
 (0.000000, inch)
 (0.000000, foot)
 (0.000000, yard)
 (0.000000, mile)
(8 rows)

